-------------------------------------------------------------------------------
Test set: task.SimplyTaskListTest
-------------------------------------------------------------------------------
Tests run: 16, Failures: 16, Errors: 0, Skipped: 0, Time elapsed: 5.938 sec <<< FAILURE!
task.SimplyTaskListTest.testGetIsFinished()  Time elapsed: 0.771 sec  <<< FAILURE!
java.lang.NoClassDefFoundError: org/junit/Assert
	at task.SimplyTaskListTest.testGetIsFinished(SimplyTaskListTest.java:117)
Caused by: java.lang.ClassNotFoundException: org.junit.Assert
	at java.net.URLClassLoader.findClass(URLClassLoader.java:381)
	at java.lang.ClassLoader.loadClass(ClassLoader.java:424)
	at sun.misc.Launcher$AppClassLoader.loadClass(Launcher.java:331)
	at java.lang.ClassLoader.loadClass(ClassLoader.java:357)
	... 19 more

task.SimplyTaskListTest.testGetTaskComment()  Time elapsed: 0.028 sec  <<< FAILURE!
java.lang.NoClassDefFoundError: org/junit/Assert
	at task.SimplyTaskListTest.testGetTaskComment(SimplyTaskListTest.java:21)

task.SimplyTaskListTest.testGetLastPriorityInCategory()  Time elapsed: 0.816 sec  <<< FAILURE!
java.lang.NoClassDefFoundError: org/junit/Assert
	at task.SimplyTaskListTest.testGetLastPriorityInCategory(SimplyTaskListTest.java:123)

task.SimplyTaskListTest.testGetLastIndexOfCategory()  Time elapsed: 0.417 sec  <<< FAILURE!
java.lang.NoClassDefFoundError: org/junit/Assert
	at task.SimplyTaskListTest.testGetLastIndexOfCategory(SimplyTaskListTest.java:91)

task.SimplyTaskListTest.testGetFirstIndexOFCategory()  Time elapsed: 0.475 sec  <<< FAILURE!
java.lang.NoClassDefFoundError: org/junit/Assert
	at task.SimplyTaskListTest.testGetFirstIndexOFCategory(SimplyTaskListTest.java:99)

task.SimplyTaskListTest.testGetPriorityCategories()  Time elapsed: 0.34 sec  <<< FAILURE!
java.lang.NoClassDefFoundError: org/junit/Assert
	at task.SimplyTaskListTest.testGetPriorityCategories(SimplyTaskListTest.java:150)

task.SimplyTaskListTest.testGetTaskCategory()  Time elapsed: 0.313 sec  <<< FAILURE!
java.lang.NoClassDefFoundError: org/junit/Assert
	at task.SimplyTaskListTest.testGetTaskCategory(SimplyTaskListTest.java:157)

task.SimplyTaskListTest.testGetCategory()  Time elapsed: 0.308 sec  <<< FAILURE!
java.lang.NoClassDefFoundError: org/junit/Assert
	at task.SimplyTaskListTest.testGetCategory(SimplyTaskListTest.java:107)

task.SimplyTaskListTest.testGetTaskName()  Time elapsed: 0.294 sec  <<< FAILURE!
java.lang.NoClassDefFoundError: org/junit/Assert
	at task.SimplyTaskListTest.testGetTaskName(SimplyTaskListTest.java:167)

task.SimplyTaskListTest.testAddTask()  Time elapsed: 0.019 sec  <<< FAILURE!
java.lang.NoClassDefFoundError: org/junit/Assert
	at task.SimplyTaskListTest.testAddTask(SimplyTaskListTest.java:29)

task.SimplyTaskListTest.testGetTaskIndex()  Time elapsed: 0.366 sec  <<< FAILURE!
java.lang.NoClassDefFoundError: org/junit/Assert
	at task.SimplyTaskListTest.testGetTaskIndex(SimplyTaskListTest.java:75)

task.SimplyTaskListTest.testFinishTask()  Time elapsed: 0.319 sec  <<< FAILURE!
java.lang.NoClassDefFoundError: org/junit/Assert
	at task.SimplyTaskListTest.testFinishTask(SimplyTaskListTest.java:83)

task.SimplyTaskListTest.testGetListName()  Time elapsed: 0.32 sec  <<< FAILURE!
java.lang.NoClassDefFoundError: org/junit/Assert
	at task.SimplyTaskListTest.testGetListName(SimplyTaskListTest.java:131)

task.SimplyTaskListTest.testGetPriority()  Time elapsed: 0.335 sec  <<< FAILURE!
java.lang.NoClassDefFoundError: org/junit/Assert
	at task.SimplyTaskListTest.testGetPriority(SimplyTaskListTest.java:137)

task.SimplyTaskListTest.testSetListName()  Time elapsed: 0.436 sec  <<< FAILURE!
java.lang.NoClassDefFoundError: org/junit/Assert
	at task.SimplyTaskListTest.testSetListName(SimplyTaskListTest.java:178)

task.SimplyTaskListTest.testSize()  Time elapsed: 0.363 sec  <<< FAILURE!
java.lang.NoClassDefFoundError: org/junit/Assert
	at task.SimplyTaskListTest.testSize(SimplyTaskListTest.java:184)

