-------------------------------------------------------------------------------
Test set: task.SimplyTaskListTest
-------------------------------------------------------------------------------
Tests run: 17, Failures: 17, Errors: 0, Skipped: 0, Time elapsed: 4.625 sec <<< FAILURE!
task.SimplyTaskListTest.testAddTask()  Time elapsed: 0.109 sec  <<< FAILURE!
java.lang.NoClassDefFoundError: org/junit/Assert
	at task.SimplyTaskListTest.testAddTask(SimplyTaskListTest.java:29)
Caused by: java.lang.ClassNotFoundException: org.junit.Assert
	at java.net.URLClassLoader.findClass(URLClassLoader.java:381)
	at java.lang.ClassLoader.loadClass(ClassLoader.java:424)
	at sun.misc.Launcher$AppClassLoader.loadClass(Launcher.java:331)
	at java.lang.ClassLoader.loadClass(ClassLoader.java:357)
	... 19 more

task.SimplyTaskListTest.testGetPriority()  Time elapsed: 0.297 sec  <<< FAILURE!
java.lang.NoClassDefFoundError: org/junit/Assert
	at task.SimplyTaskListTest.testGetPriority(SimplyTaskListTest.java:137)

task.SimplyTaskListTest.testSize()  Time elapsed: 0.594 sec  <<< FAILURE!
java.lang.NoClassDefFoundError: org/junit/Assert
	at task.SimplyTaskListTest.testSize(SimplyTaskListTest.java:184)

task.SimplyTaskListTest.testGetTaskName()  Time elapsed: 0.422 sec  <<< FAILURE!
java.lang.NoClassDefFoundError: org/junit/Assert
	at task.SimplyTaskListTest.testGetTaskName(SimplyTaskListTest.java:167)

task.SimplyTaskListTest.testLoad()  Time elapsed: 0.687 sec  <<< FAILURE!
java.lang.NoClassDefFoundError: org/junit/Assert
	at task.SimplyTaskListTest.testLoad(SimplyTaskListTest.java:191)

task.SimplyTaskListTest.testFinishTask()  Time elapsed: 0.219 sec  <<< FAILURE!
java.lang.NoClassDefFoundError: org/junit/Assert
	at task.SimplyTaskListTest.testFinishTask(SimplyTaskListTest.java:83)

task.SimplyTaskListTest.testGetTaskIndex()  Time elapsed: 0.203 sec  <<< FAILURE!
java.lang.NoClassDefFoundError: org/junit/Assert
	at task.SimplyTaskListTest.testGetTaskIndex(SimplyTaskListTest.java:75)

task.SimplyTaskListTest.testSetListName()  Time elapsed: 0.25 sec  <<< FAILURE!
java.lang.NoClassDefFoundError: org/junit/Assert
	at task.SimplyTaskListTest.testSetListName(SimplyTaskListTest.java:178)

task.SimplyTaskListTest.testGetCategory()  Time elapsed: 0.25 sec  <<< FAILURE!
java.lang.NoClassDefFoundError: org/junit/Assert
	at task.SimplyTaskListTest.testGetCategory(SimplyTaskListTest.java:107)

task.SimplyTaskListTest.testGetListName()  Time elapsed: 0.219 sec  <<< FAILURE!
java.lang.NoClassDefFoundError: org/junit/Assert
	at task.SimplyTaskListTest.testGetListName(SimplyTaskListTest.java:131)

task.SimplyTaskListTest.testGetIsFinished()  Time elapsed: 0.203 sec  <<< FAILURE!
java.lang.NoClassDefFoundError: org/junit/Assert
	at task.SimplyTaskListTest.testGetIsFinished(SimplyTaskListTest.java:117)

task.SimplyTaskListTest.testGetPriorityCategories()  Time elapsed: 0.235 sec  <<< FAILURE!
java.lang.NoClassDefFoundError: org/junit/Assert
	at task.SimplyTaskListTest.testGetPriorityCategories(SimplyTaskListTest.java:150)

task.SimplyTaskListTest.testGetTaskCategory()  Time elapsed: 0.25 sec  <<< FAILURE!
java.lang.NoClassDefFoundError: org/junit/Assert
	at task.SimplyTaskListTest.testGetTaskCategory(SimplyTaskListTest.java:157)

task.SimplyTaskListTest.testGetTaskComment()  Time elapsed: 0.015 sec  <<< FAILURE!
java.lang.NoClassDefFoundError: org/junit/Assert
	at task.SimplyTaskListTest.testGetTaskComment(SimplyTaskListTest.java:21)

task.SimplyTaskListTest.testGetFirstIndexOFCategory()  Time elapsed: 0.203 sec  <<< FAILURE!
java.lang.NoClassDefFoundError: org/junit/Assert
	at task.SimplyTaskListTest.testGetFirstIndexOFCategory(SimplyTaskListTest.java:99)

task.SimplyTaskListTest.testGetLastPriorityInCategory()  Time elapsed: 0.235 sec  <<< FAILURE!
java.lang.NoClassDefFoundError: org/junit/Assert
	at task.SimplyTaskListTest.testGetLastPriorityInCategory(SimplyTaskListTest.java:123)

task.SimplyTaskListTest.testGetLastIndexOfCategory()  Time elapsed: 0.218 sec  <<< FAILURE!
java.lang.NoClassDefFoundError: org/junit/Assert
	at task.SimplyTaskListTest.testGetLastIndexOfCategory(SimplyTaskListTest.java:91)

