<?xml version="1.0" encoding="UTF-8" ?>
<testsuite tests="17" failures="17" name="Task.SimplyTaskListTest" time="0.067" errors="0" skipped="0">
  <properties>
[...]
</properties>
  <testcase classname="Task.SimplyTaskListTest" name="Task.SimplyTaskListTest.testSetListName" time="0.049">
    <failure message="org/junit/Assert" type="java.lang.NoClassDefFoundError">java.lang.NoClassDefFoundError: org/junit/Assert
	at Task.SimplyTaskListTest.testSetListName(SimplyTaskListTest.java:180)
Caused by: java.lang.ClassNotFoundException: org.junit.Assert
	at java.net.URLClassLoader.findClass(URLClassLoader.java:381)
	at java.lang.ClassLoader.loadClass(ClassLoader.java:424)
	at sun.misc.Launcher$AppClassLoader.loadClass(Launcher.java:331)
	at java.lang.ClassLoader.loadClass(ClassLoader.java:357)
	... 19 more
</failure>
  </testcase>
  <testcase classname="Task.SimplyTaskListTest" name="Task.SimplyTaskListTest.testSetTaskName" time="0">
    <failure message="org/junit/Assert" type="java.lang.NoClassDefFoundError">java.lang.NoClassDefFoundError: org/junit/Assert
	at Task.SimplyTaskListTest.testSetTaskName(SimplyTaskListTest.java:186)
</failure>
  </testcase>
  <testcase classname="Task.SimplyTaskListTest" name="Task.SimplyTaskListTest.testSize" time="0">
    <failure message="org/junit/Assert" type="java.lang.NoClassDefFoundError">java.lang.NoClassDefFoundError: org/junit/Assert
	at Task.SimplyTaskListTest.testSize(SimplyTaskListTest.java:193)
</failure>
  </testcase>
  <testcase classname="Task.SimplyTaskListTest" name="Task.SimplyTaskListTest.testGetTaskIndex" time="0">
    <failure message="org/junit/Assert" type="java.lang.NoClassDefFoundError">java.lang.NoClassDefFoundError: org/junit/Assert
	at Task.SimplyTaskListTest.testGetTaskIndex(SimplyTaskListTest.java:77)
</failure>
  </testcase>
  <testcase classname="Task.SimplyTaskListTest" name="Task.SimplyTaskListTest.testGetListName" time="0">
    <failure message="org/junit/Assert" type="java.lang.NoClassDefFoundError">java.lang.NoClassDefFoundError: org/junit/Assert
	at Task.SimplyTaskListTest.testGetListName(SimplyTaskListTest.java:133)
</failure>
  </testcase>
  <testcase classname="Task.SimplyTaskListTest" name="Task.SimplyTaskListTest.testGetTaskName" time="0">
    <failure message="org/junit/Assert" type="java.lang.NoClassDefFoundError">java.lang.NoClassDefFoundError: org/junit/Assert
	at Task.SimplyTaskListTest.testGetTaskName(SimplyTaskListTest.java:169)
</failure>
  </testcase>
  <testcase classname="Task.SimplyTaskListTest" name="Task.SimplyTaskListTest.testGetCategory" time="0">
    <failure message="org/junit/Assert" type="java.lang.NoClassDefFoundError">java.lang.NoClassDefFoundError: org/junit/Assert
	at Task.SimplyTaskListTest.testGetCategory(SimplyTaskListTest.java:109)
</failure>
  </testcase>
  <testcase classname="Task.SimplyTaskListTest" name="Task.SimplyTaskListTest.testGetPriority" time="0">
    <failure message="org/junit/Assert" type="java.lang.NoClassDefFoundError">java.lang.NoClassDefFoundError: org/junit/Assert
	at Task.SimplyTaskListTest.testGetPriority(SimplyTaskListTest.java:139)
</failure>
  </testcase>
  <testcase classname="Task.SimplyTaskListTest" name="Task.SimplyTaskListTest.testFinishTask" time="0">
    <failure message="org/junit/Assert" type="java.lang.NoClassDefFoundError">java.lang.NoClassDefFoundError: org/junit/Assert
	at Task.SimplyTaskListTest.testFinishTask(SimplyTaskListTest.java:85)
</failure>
  </testcase>
  <testcase classname="Task.SimplyTaskListTest" name="Task.SimplyTaskListTest.testAddTask" time="0">
    <failure message="org/junit/Assert" type="java.lang.NoClassDefFoundError">java.lang.NoClassDefFoundError: org/junit/Assert
	at Task.SimplyTaskListTest.testAddTask(SimplyTaskListTest.java:31)
</failure>
  </testcase>
  <testcase classname="Task.SimplyTaskListTest" name="Task.SimplyTaskListTest.testGetFirstIndexOFCategory" time="0">
    <failure message="org/junit/Assert" type="java.lang.NoClassDefFoundError">java.lang.NoClassDefFoundError: org/junit/Assert
	at Task.SimplyTaskListTest.testGetFirstIndexOFCategory(SimplyTaskListTest.java:101)
</failure>
  </testcase>
  <testcase classname="Task.SimplyTaskListTest" name="Task.SimplyTaskListTest.testGetTaskComment" time="0">
    <failure message="org/junit/Assert" type="java.lang.NoClassDefFoundError">java.lang.NoClassDefFoundError: org/junit/Assert
	at Task.SimplyTaskListTest.testGetTaskComment(SimplyTaskListTest.java:21)
</failure>
  </testcase>
  <testcase classname="Task.SimplyTaskListTest" name="Task.SimplyTaskListTest.testGetIsFinished" time="0.009">
    <failure message="org/junit/Assert" type="java.lang.NoClassDefFoundError">java.lang.NoClassDefFoundError: org/junit/Assert
	at Task.SimplyTaskListTest.testGetIsFinished(SimplyTaskListTest.java:119)
</failure>
  </testcase>
  <testcase classname="Task.SimplyTaskListTest" name="Task.SimplyTaskListTest.testGetTaskCategory" time="0.006">
    <failure message="org/junit/Assert" type="java.lang.NoClassDefFoundError">java.lang.NoClassDefFoundError: org/junit/Assert
	at Task.SimplyTaskListTest.testGetTaskCategory(SimplyTaskListTest.java:159)
</failure>
  </testcase>
  <testcase classname="Task.SimplyTaskListTest" name="Task.SimplyTaskListTest.testGetLastPriorityInCategory" time="0.001">
    <failure message="org/junit/Assert" type="java.lang.NoClassDefFoundError">java.lang.NoClassDefFoundError: org/junit/Assert
	at Task.SimplyTaskListTest.testGetLastPriorityInCategory(SimplyTaskListTest.java:125)
</failure>
  </testcase>
  <testcase classname="Task.SimplyTaskListTest" name="Task.SimplyTaskListTest.testGetPriorityCategories" time="0.001">
    <failure message="org/junit/Assert" type="java.lang.NoClassDefFoundError">java.lang.NoClassDefFoundError: org/junit/Assert
	at Task.SimplyTaskListTest.testGetPriorityCategories(SimplyTaskListTest.java:152)
</failure>
  </testcase>
  <testcase classname="Task.SimplyTaskListTest" name="Task.SimplyTaskListTest.testGetLastIndexOfCategory" time="0.001">
    <failure message="org/junit/Assert" type="java.lang.NoClassDefFoundError">java.lang.NoClassDefFoundError: org/junit/Assert
	at Task.SimplyTaskListTest.testGetLastIndexOfCategory(SimplyTaskListTest.java:93)
</failure>
  </testcase>
</testsuite>